<?xml version="1.0" encoding="UTF-8"?>
<!-- Generated by org.testng.reporters.JUnitReportReporter -->
<testsuite hostname="N-Afsars--MacBook-Pro.local" failures="0" tests="1" name="Runner.TestRunner" time="2.816" errors="0" timestamp="2022-07-12T14:31:24 BST" skipped="0">
  <testcase classname="Runner.TestRunner" name="runScenario" time="2.816"/>
  <system-out/>
</testsuite> <!-- Runner.TestRunner -->
