<?xml version="1.0" encoding="UTF-8"?>
<!-- Generated by org.testng.reporters.JUnitReportReporter -->
<testsuite hostname="N-Afsars--MacBook-Pro.local" failures="0" tests="1" name="base.TestBase" time="0.843" errors="0" timestamp="2022-07-12T14:20:48 BST" skipped="0">
  <testcase classname="base.TestBase" name="runScenario" time="0.843"/>
  <system-out/>
</testsuite> <!-- base.TestBase -->
